android/app/build/intermediates/manifest_merge_blame_file/debug/processDebugMainManifest/manifest-merger-blame-debug-report.txt
1<?xml version="1.0" encoding="utf-8"?>
2<manifest xmlns:android="http://schemas.android.com/apk/res/android"
3    package="com.aquaprime.app"
4    android:versionCode="1"
5    android:versionName="1.0" >
6
7    <uses-sdk
8        android:minSdkVersion="24"
9        android:targetSdkVersion="36" />
10
11    <!-- Permissions -->
12
13    <uses-permission android:name="android.permission.INTERNET" />
13-->src\main\AndroidManifest.xml:59:5-67
13-->src\main\AndroidManifest.xml:59:22-64
14    <uses-permission android:name="android.permission.ACCESS_FINE_LOCATION" />
14-->src\main\AndroidManifest.xml:60:5-79
14-->src\main\AndroidManifest.xml:60:22-76
15    <uses-permission android:name="android.permission.ACCESS_COARSE_LOCATION" />
15-->src\main\AndroidManifest.xml:61:5-81
15-->src\main\AndroidManifest.xml:61:22-78
16    <uses-permission android:name="android.permission.CAMERA" />
16-->src\main\AndroidManifest.xml:62:5-65
16-->src\main\AndroidManifest.xml:62:22-62
17    <uses-permission android:name="android.permission.POST_NOTIFICATIONS" />
17-->src\main\AndroidManifest.xml:63:5-77
17-->src\main\AndroidManifest.xml:63:22-74
18    <uses-permission android:name="android.permission.VIBRATE" />
18-->src\main\AndroidManifest.xml:64:5-66
18-->src\main\AndroidManifest.xml:64:22-63
19
20    <queries>
20-->[:capacitor-camera] AndroidManifest.xml:7:5-11:15
21        <intent>
21-->[:capacitor-camera] AndroidManifest.xml:8:9-10:18
22            <action android:name="android.media.action.IMAGE_CAPTURE" />
22-->[:capacitor-camera] AndroidManifest.xml:9:13-73
22-->[:capacitor-camera] AndroidManifest.xml:9:21-70
23        </intent>
24    </queries>
25
26    <uses-permission android:name="android.permission.RECEIVE_BOOT_COMPLETED" />
26-->[:capacitor-local-notifications] AndroidManifest.xml:7:5-81
26-->[:capacitor-local-notifications] AndroidManifest.xml:7:22-78
27    <uses-permission android:name="android.permission.WAKE_LOCK" />
27-->[:capacitor-local-notifications] AndroidManifest.xml:8:5-68
27-->[:capacitor-local-notifications] AndroidManifest.xml:8:22-65
28    <uses-permission android:name="android.permission.ACCESS_NETWORK_STATE" /> <!-- Required by older versions of Google Play services to create IID tokens -->
28-->[io.ionic.libs:iongeolocation-android:2.2.0] AndroidManifest.xml:7:5-79
28-->[io.ionic.libs:iongeolocation-android:2.2.0] AndroidManifest.xml:7:22-76
29    <uses-permission android:name="com.google.android.c2dm.permission.RECEIVE" />
29-->[com.google.firebase:firebase-messaging:25.0.1] AndroidManifest.xml:26:5-82
29-->[com.google.firebase:firebase-messaging:25.0.1] AndroidManifest.xml:26:22-79
30
31    <permission
31-->[androidx.core:core:1.17.0] AndroidManifest.xml:22:5-24:47
32        android:name="com.aquaprime.app.DYNAMIC_RECEIVER_NOT_EXPORTED_PERMISSION"
32-->[androidx.core:core:1.17.0] AndroidManifest.xml:23:9-81
33        android:protectionLevel="signature" />
33-->[androidx.core:core:1.17.0] AndroidManifest.xml:24:9-44
34
35    <uses-permission android:name="com.aquaprime.app.DYNAMIC_RECEIVER_NOT_EXPORTED_PERMISSION" />
35-->[androidx.core:core:1.17.0] AndroidManifest.xml:26:5-97
35-->[androidx.core:core:1.17.0] AndroidManifest.xml:26:22-94
36
37    <application
37-->src\main\AndroidManifest.xml:4:5-55:19
38        android:name="com.aquaprime.app.AquaPrimeApp"
38-->src\main\AndroidManifest.xml:5:9-37
39        android:allowBackup="true"
39-->src\main\AndroidManifest.xml:6:9-35
40        android:appComponentFactory="androidx.core.app.CoreComponentFactory"
40-->[androidx.core:core:1.17.0] AndroidManifest.xml:28:18-86
41        android:debuggable="true"
42        android:extractNativeLibs="false"
43        android:icon="@mipmap/ic_launcher"
43-->src\main\AndroidManifest.xml:7:9-43
44        android:label="@string/app_name"
44-->src\main\AndroidManifest.xml:8:9-41
45        android:roundIcon="@mipmap/ic_launcher_round"
45-->src\main\AndroidManifest.xml:9:9-54
46        android:supportsRtl="true"
46-->src\main\AndroidManifest.xml:10:9-35
47        android:theme="@style/AppTheme" >
47-->src\main\AndroidManifest.xml:11:9-40
48        <activity
48-->src\main\AndroidManifest.xml:13:9-44:20
49            android:name="com.aquaprime.app.MainActivity"
49-->src\main\AndroidManifest.xml:15:13-41
50            android:configChanges="orientation|keyboardHidden|keyboard|screenSize|locale|smallestScreenSize|screenLayout|uiMode|navigation|density"
50-->src\main\AndroidManifest.xml:14:13-148
51            android:exported="true"
51-->src\main\AndroidManifest.xml:19:13-36
52            android:label="@string/title_activity_main"
52-->src\main\AndroidManifest.xml:16:13-56
53            android:launchMode="singleTask"
53-->src\main\AndroidManifest.xml:18:13-44
54            android:theme="@style/AppTheme.NoActionBarLaunch" >
54-->src\main\AndroidManifest.xml:17:13-62
55            <intent-filter>
55-->src\main\AndroidManifest.xml:21:13-24:29
56                <action android:name="android.intent.action.MAIN" />
56-->src\main\AndroidManifest.xml:22:17-69
56-->src\main\AndroidManifest.xml:22:25-66
57
58                <category android:name="android.intent.category.LAUNCHER" />
58-->src\main\AndroidManifest.xml:23:17-77
58-->src\main\AndroidManifest.xml:23:27-74
59            </intent-filter>
60
61            <!-- Deep link intent filter for Google OAuth callback -->
62            <intent-filter android:autoVerify="false" >
62-->src\main\AndroidManifest.xml:27:13-35:29
62-->src\main\AndroidManifest.xml:27:28-54
63                <action android:name="android.intent.action.VIEW" />
63-->src\main\AndroidManifest.xml:28:17-69
63-->src\main\AndroidManifest.xml:28:25-66
64
65                <category android:name="android.intent.category.DEFAULT" />
65-->src\main\AndroidManifest.xml:29:17-76
65-->src\main\AndroidManifest.xml:29:27-73
66                <category android:name="android.intent.category.BROWSABLE" />
66-->src\main\AndroidManifest.xml:30:17-78
66-->src\main\AndroidManifest.xml:30:27-75
67
68                <data
68-->src\main\AndroidManifest.xml:31:17-34:54
69                    android:host="auth"
69-->src\main\AndroidManifest.xml:33:21-40
70                    android:pathPrefix="/callback"
70-->src\main\AndroidManifest.xml:34:21-51
71                    android:scheme="com.aquaprime.app" />
71-->src\main\AndroidManifest.xml:32:21-55
72            </intent-filter>
73
74            <!-- Share target intent filter (for @capgo/capacitor-share-target) -->
75            <intent-filter>
75-->src\main\AndroidManifest.xml:38:13-42:29
76                <action android:name="android.intent.action.SEND" />
76-->src\main\AndroidManifest.xml:39:17-69
76-->src\main\AndroidManifest.xml:39:25-66
77
78                <category android:name="android.intent.category.DEFAULT" />
78-->src\main\AndroidManifest.xml:29:17-76
78-->src\main\AndroidManifest.xml:29:27-73
79
80                <data android:mimeType="image/*" />
80-->src\main\AndroidManifest.xml:31:17-34:54
80-->src\main\AndroidManifest.xml:41:23-49
81            </intent-filter>
82        </activity>
83
84        <provider
85            android:name="androidx.core.content.FileProvider"
85-->src\main\AndroidManifest.xml:47:13-62
86            android:authorities="com.aquaprime.app.fileprovider"
86-->src\main\AndroidManifest.xml:48:13-64
87            android:exported="false"
87-->src\main\AndroidManifest.xml:49:13-37
88            android:grantUriPermissions="true" >
88-->src\main\AndroidManifest.xml:50:13-47
89            <meta-data
89-->src\main\AndroidManifest.xml:51:13-53:64
90                android:name="android.support.FILE_PROVIDER_PATHS"
90-->src\main\AndroidManifest.xml:52:17-67
91                android:resource="@xml/file_paths" />
91-->src\main\AndroidManifest.xml:53:17-51
92        </provider>
93
94        <receiver android:name="com.capacitorjs.plugins.localnotifications.TimedNotificationPublisher" />
94-->[:capacitor-local-notifications] AndroidManifest.xml:12:9-106
94-->[:capacitor-local-notifications] AndroidManifest.xml:12:19-103
95        <receiver android:name="com.capacitorjs.plugins.localnotifications.NotificationDismissReceiver" />
95-->[:capacitor-local-notifications] AndroidManifest.xml:13:9-107
95-->[:capacitor-local-notifications] AndroidManifest.xml:13:19-104
96        <receiver
96-->[:capacitor-local-notifications] AndroidManifest.xml:14:9-23:20
97            android:name="com.capacitorjs.plugins.localnotifications.LocalNotificationRestoreReceiver"
97-->[:capacitor-local-notifications] AndroidManifest.xml:15:13-103
98            android:directBootAware="true"
98-->[:capacitor-local-notifications] AndroidManifest.xml:16:13-43
99            android:exported="false" >
99-->[:capacitor-local-notifications] AndroidManifest.xml:17:13-37
100            <intent-filter>
100-->[:capacitor-local-notifications] AndroidManifest.xml:18:13-22:29
101                <action android:name="android.intent.action.LOCKED_BOOT_COMPLETED" />
101-->[:capacitor-local-notifications] AndroidManifest.xml:19:17-86
101-->[:capacitor-local-notifications] AndroidManifest.xml:19:25-83
102                <action android:name="android.intent.action.BOOT_COMPLETED" />
102-->[:capacitor-local-notifications] AndroidManifest.xml:20:17-79
102-->[:capacitor-local-notifications] AndroidManifest.xml:20:25-76
103                <action android:name="android.intent.action.QUICKBOOT_POWERON" />
103-->[:capacitor-local-notifications] AndroidManifest.xml:21:17-82
103-->[:capacitor-local-notifications] AndroidManifest.xml:21:25-79
104            </intent-filter>
105        </receiver>
106
107        <service
107-->[:capacitor-push-notifications] AndroidManifest.xml:8:9-14:19
108            android:name="com.capacitorjs.plugins.pushnotifications.MessagingService"
108-->[:capacitor-push-notifications] AndroidManifest.xml:9:13-86
109            android:exported="false" >
109-->[:capacitor-push-notifications] AndroidManifest.xml:10:13-37
110            <intent-filter>
110-->[:capacitor-push-notifications] AndroidManifest.xml:11:13-13:29
111                <action android:name="com.google.firebase.MESSAGING_EVENT" />
111-->[:capacitor-push-notifications] AndroidManifest.xml:12:17-78
111-->[:capacitor-push-notifications] AndroidManifest.xml:12:25-75
112            </intent-filter>
113        </service>
114
115        <receiver
115-->[com.google.firebase:firebase-messaging:25.0.1] AndroidManifest.xml:29:9-40:20
116            android:name="com.google.firebase.iid.FirebaseInstanceIdReceiver"
116-->[com.google.firebase:firebase-messaging:25.0.1] AndroidManifest.xml:30:13-78
117            android:exported="true"
117-->[com.google.firebase:firebase-messaging:25.0.1] AndroidManifest.xml:31:13-36
118            android:permission="com.google.android.c2dm.permission.SEND" >
118-->[com.google.firebase:firebase-messaging:25.0.1] AndroidManifest.xml:32:13-73
119            <intent-filter>
119-->[com.google.firebase:firebase-messaging:25.0.1] AndroidManifest.xml:33:13-35:29
120                <action android:name="com.google.android.c2dm.intent.RECEIVE" />
120-->[com.google.firebase:firebase-messaging:25.0.1] AndroidManifest.xml:34:17-81
120-->[com.google.firebase:firebase-messaging:25.0.1] AndroidManifest.xml:34:25-78
121            </intent-filter>
122
123            <meta-data
123-->[com.google.firebase:firebase-messaging:25.0.1] AndroidManifest.xml:37:13-39:40
124                android:name="com.google.android.gms.cloudmessaging.FINISHED_AFTER_HANDLED"
124-->[com.google.firebase:firebase-messaging:25.0.1] AndroidManifest.xml:38:17-92
125                android:value="true" />
125-->[com.google.firebase:firebase-messaging:25.0.1] AndroidManifest.xml:39:17-37
126        </receiver>
127        <!--
128             FirebaseMessagingService performs security checks at runtime,
129             but set to not exported to explicitly avoid allowing another app to call it.
130        -->
131        <service
131-->[com.google.firebase:firebase-messaging:25.0.1] AndroidManifest.xml:46:9-53:19
132            android:name="com.google.firebase.messaging.FirebaseMessagingService"
132-->[com.google.firebase:firebase-messaging:25.0.1] AndroidManifest.xml:47:13-82
133            android:directBootAware="true"
133-->[com.google.firebase:firebase-messaging:25.0.1] AndroidManifest.xml:48:13-43
134            android:exported="false" >
134-->[com.google.firebase:firebase-messaging:25.0.1] AndroidManifest.xml:49:13-37
135            <intent-filter android:priority="-500" >
135-->[:capacitor-push-notifications] AndroidManifest.xml:11:13-13:29
136                <action android:name="com.google.firebase.MESSAGING_EVENT" />
136-->[:capacitor-push-notifications] AndroidManifest.xml:12:17-78
136-->[:capacitor-push-notifications] AndroidManifest.xml:12:25-75
137            </intent-filter>
138        </service>
139        <service
139-->[com.google.firebase:firebase-messaging:25.0.1] AndroidManifest.xml:54:9-63:19
140            android:name="com.google.firebase.components.ComponentDiscoveryService"
140-->[com.google.firebase:firebase-messaging:25.0.1] AndroidManifest.xml:55:13-84
141            android:directBootAware="true"
141-->[com.google.firebase:firebase-common:22.0.1] AndroidManifest.xml:32:13-43
142            android:exported="false" >
142-->[com.google.firebase:firebase-messaging:25.0.1] AndroidManifest.xml:56:13-37
143            <meta-data
143-->[com.google.firebase:firebase-messaging:25.0.1] AndroidManifest.xml:57:13-59:85
144                android:name="com.google.firebase.components:com.google.firebase.messaging.FirebaseMessagingKtxRegistrar"
144-->[com.google.firebase:firebase-messaging:25.0.1] AndroidManifest.xml:58:17-122
145                android:value="com.google.firebase.components.ComponentRegistrar" />
145-->[com.google.firebase:firebase-messaging:25.0.1] AndroidManifest.xml:59:17-82
146            <meta-data
146-->[com.google.firebase:firebase-messaging:25.0.1] AndroidManifest.xml:60:13-62:85
147                android:name="com.google.firebase.components:com.google.firebase.messaging.FirebaseMessagingRegistrar"
147-->[com.google.firebase:firebase-messaging:25.0.1] AndroidManifest.xml:61:17-119
148                android:value="com.google.firebase.components.ComponentRegistrar" />
148-->[com.google.firebase:firebase-messaging:25.0.1] AndroidManifest.xml:62:17-82
149            <meta-data
149-->[com.google.firebase:firebase-installations:18.0.0] AndroidManifest.xml:15:13-17:85
150                android:name="com.google.firebase.components:com.google.firebase.installations.FirebaseInstallationsKtxRegistrar"
150-->[com.google.firebase:firebase-installations:18.0.0] AndroidManifest.xml:16:17-130
151                android:value="com.google.firebase.components.ComponentRegistrar" />
151-->[com.google.firebase:firebase-installations:18.0.0] AndroidManifest.xml:17:17-82
152            <meta-data
152-->[com.google.firebase:firebase-installations:18.0.0] AndroidManifest.xml:18:13-20:85
153                android:name="com.google.firebase.components:com.google.firebase.installations.FirebaseInstallationsRegistrar"
153-->[com.google.firebase:firebase-installations:18.0.0] AndroidManifest.xml:19:17-127
154                android:value="com.google.firebase.components.ComponentRegistrar" />
154-->[com.google.firebase:firebase-installations:18.0.0] AndroidManifest.xml:20:17-82
155            <meta-data
155-->[com.google.firebase:firebase-common:22.0.1] AndroidManifest.xml:35:13-37:85
156                android:name="com.google.firebase.components:com.google.firebase.FirebaseCommonKtxRegistrar"
156-->[com.google.firebase:firebase-common:22.0.1] AndroidManifest.xml:36:17-109
157                android:value="com.google.firebase.components.ComponentRegistrar" />
157-->[com.google.firebase:firebase-common:22.0.1] AndroidManifest.xml:37:17-82
158            <meta-data
158-->[com.google.firebase:firebase-datatransport:18.2.0] AndroidManifest.xml:25:13-27:85
159                android:name="com.google.firebase.components:com.google.firebase.datatransport.TransportRegistrar"
159-->[com.google.firebase:firebase-datatransport:18.2.0] AndroidManifest.xml:26:17-115
160                android:value="com.google.firebase.components.ComponentRegistrar" />
160-->[com.google.firebase:firebase-datatransport:18.2.0] AndroidManifest.xml:27:17-82
161        </service>
162
163        <activity
163-->[com.google.android.gms:play-services-base:18.5.0] AndroidManifest.xml:5:9-173
164            android:name="com.google.android.gms.common.api.GoogleApiActivity"
164-->[com.google.android.gms:play-services-base:18.5.0] AndroidManifest.xml:5:19-85
165            android:exported="false"
165-->[com.google.android.gms:play-services-base:18.5.0] AndroidManifest.xml:5:146-170
166            android:theme="@android:style/Theme.Translucent.NoTitleBar" />
166-->[com.google.android.gms:play-services-base:18.5.0] AndroidManifest.xml:5:86-145
167
168        <provider
168-->[androidx.emoji2:emoji2:1.3.0] AndroidManifest.xml:24:9-32:20
169            android:name="androidx.startup.InitializationProvider"
169-->[androidx.emoji2:emoji2:1.3.0] AndroidManifest.xml:25:13-67
170            android:authorities="com.aquaprime.app.androidx-startup"
170-->[androidx.emoji2:emoji2:1.3.0] AndroidManifest.xml:26:13-68
171            android:exported="false" >
171-->[androidx.emoji2:emoji2:1.3.0] AndroidManifest.xml:27:13-37
172            <meta-data
172-->[androidx.emoji2:emoji2:1.3.0] AndroidManifest.xml:29:13-31:52
173                android:name="androidx.emoji2.text.EmojiCompatInitializer"
173-->[androidx.emoji2:emoji2:1.3.0] AndroidManifest.xml:30:17-75
174                android:value="androidx.startup" />
174-->[androidx.emoji2:emoji2:1.3.0] AndroidManifest.xml:31:17-49
175            <meta-data
175-->[androidx.lifecycle:lifecycle-process:2.6.2] AndroidManifest.xml:29:13-31:52
176                android:name="androidx.lifecycle.ProcessLifecycleInitializer"
176-->[androidx.lifecycle:lifecycle-process:2.6.2] AndroidManifest.xml:30:17-78
177                android:value="androidx.startup" />
177-->[androidx.lifecycle:lifecycle-process:2.6.2] AndroidManifest.xml:31:17-49
178            <meta-data
178-->[androidx.profileinstaller:profileinstaller:1.4.0] AndroidManifest.xml:29:13-31:52
179                android:name="androidx.profileinstaller.ProfileInstallerInitializer"
179-->[androidx.profileinstaller:profileinstaller:1.4.0] AndroidManifest.xml:30:17-85
180                android:value="androidx.startup" />
180-->[androidx.profileinstaller:profileinstaller:1.4.0] AndroidManifest.xml:31:17-49
181        </provider>
182        <provider
182-->[com.google.firebase:firebase-common:22.0.1] AndroidManifest.xml:23:9-28:39
183            android:name="com.google.firebase.provider.FirebaseInitProvider"
183-->[com.google.firebase:firebase-common:22.0.1] AndroidManifest.xml:24:13-77
184            android:authorities="com.aquaprime.app.firebaseinitprovider"
184-->[com.google.firebase:firebase-common:22.0.1] AndroidManifest.xml:25:13-72
185            android:directBootAware="true"
185-->[com.google.firebase:firebase-common:22.0.1] AndroidManifest.xml:26:13-43
186            android:exported="false"
186-->[com.google.firebase:firebase-common:22.0.1] AndroidManifest.xml:27:13-37
187            android:initOrder="100" />
187-->[com.google.firebase:firebase-common:22.0.1] AndroidManifest.xml:28:13-36
188
189        <meta-data
189-->[com.google.android.gms:play-services-basement:18.4.0] AndroidManifest.xml:6:9-122
190            android:name="com.google.android.gms.version"
190-->[com.google.android.gms:play-services-basement:18.4.0] AndroidManifest.xml:6:20-65
191            android:value="@integer/google_play_services_version" />
191-->[com.google.android.gms:play-services-basement:18.4.0] AndroidManifest.xml:6:66-119
192
193        <receiver
193-->[androidx.profileinstaller:profileinstaller:1.4.0] AndroidManifest.xml:34:9-52:20
194            android:name="androidx.profileinstaller.ProfileInstallReceiver"
194-->[androidx.profileinstaller:profileinstaller:1.4.0] AndroidManifest.xml:35:13-76
195            android:directBootAware="false"
195-->[androidx.profileinstaller:profileinstaller:1.4.0] AndroidManifest.xml:36:13-44
196            android:enabled="true"
196-->[androidx.profileinstaller:profileinstaller:1.4.0] AndroidManifest.xml:37:13-35
197            android:exported="true"
197-->[androidx.profileinstaller:profileinstaller:1.4.0] AndroidManifest.xml:38:13-36
198            android:permission="android.permission.DUMP" >
198-->[androidx.profileinstaller:profileinstaller:1.4.0] AndroidManifest.xml:39:13-57
199            <intent-filter>
199-->[androidx.profileinstaller:profileinstaller:1.4.0] AndroidManifest.xml:40:13-42:29
200                <action android:name="androidx.profileinstaller.action.INSTALL_PROFILE" />
200-->[androidx.profileinstaller:profileinstaller:1.4.0] AndroidManifest.xml:41:17-91
200-->[androidx.profileinstaller:profileinstaller:1.4.0] AndroidManifest.xml:41:25-88
201            </intent-filter>
202            <intent-filter>
202-->[androidx.profileinstaller:profileinstaller:1.4.0] AndroidManifest.xml:43:13-45:29
203                <action android:name="androidx.profileinstaller.action.SKIP_FILE" />
203-->[androidx.profileinstaller:profileinstaller:1.4.0] AndroidManifest.xml:44:17-85
203-->[androidx.profileinstaller:profileinstaller:1.4.0] AndroidManifest.xml:44:25-82
204            </intent-filter>
205            <intent-filter>
205-->[androidx.profileinstaller:profileinstaller:1.4.0] AndroidManifest.xml:46:13-48:29
206                <action android:name="androidx.profileinstaller.action.SAVE_PROFILE" />
206-->[androidx.profileinstaller:profileinstaller:1.4.0] AndroidManifest.xml:47:17-88
206-->[androidx.profileinstaller:profileinstaller:1.4.0] AndroidManifest.xml:47:25-85
207            </intent-filter>
208            <intent-filter>
208-->[androidx.profileinstaller:profileinstaller:1.4.0] AndroidManifest.xml:49:13-51:29
209                <action android:name="androidx.profileinstaller.action.BENCHMARK_OPERATION" />
209-->[androidx.profileinstaller:profileinstaller:1.4.0] AndroidManifest.xml:50:17-95
209-->[androidx.profileinstaller:profileinstaller:1.4.0] AndroidManifest.xml:50:25-92
210            </intent-filter>
211        </receiver>
212
213        <service
213-->[com.google.android.datatransport:transport-backend-cct:3.1.9] AndroidManifest.xml:28:9-34:19
214            android:name="com.google.android.datatransport.runtime.backends.TransportBackendDiscovery"
214-->[com.google.android.datatransport:transport-backend-cct:3.1.9] AndroidManifest.xml:29:13-103
215            android:exported="false" >
215-->[com.google.android.datatransport:transport-backend-cct:3.1.9] AndroidManifest.xml:30:13-37
216            <meta-data
216-->[com.google.android.datatransport:transport-backend-cct:3.1.9] AndroidManifest.xml:31:13-33:39
217                android:name="backend:com.google.android.datatransport.cct.CctBackendFactory"
217-->[com.google.android.datatransport:transport-backend-cct:3.1.9] AndroidManifest.xml:32:17-94
218                android:value="cct" />
218-->[com.google.android.datatransport:transport-backend-cct:3.1.9] AndroidManifest.xml:33:17-36
219        </service>
220        <service
220-->[com.google.android.datatransport:transport-runtime:3.1.9] AndroidManifest.xml:26:9-30:19
221            android:name="com.google.android.datatransport.runtime.scheduling.jobscheduling.JobInfoSchedulerService"
221-->[com.google.android.datatransport:transport-runtime:3.1.9] AndroidManifest.xml:27:13-117
222            android:exported="false"
222-->[com.google.android.datatransport:transport-runtime:3.1.9] AndroidManifest.xml:28:13-37
223            android:permission="android.permission.BIND_JOB_SERVICE" >
223-->[com.google.android.datatransport:transport-runtime:3.1.9] AndroidManifest.xml:29:13-69
224        </service>
225
226        <receiver
226-->[com.google.android.datatransport:transport-runtime:3.1.9] AndroidManifest.xml:32:9-34:40
227            android:name="com.google.android.datatransport.runtime.scheduling.jobscheduling.AlarmManagerSchedulerBroadcastReceiver"
227-->[com.google.android.datatransport:transport-runtime:3.1.9] AndroidManifest.xml:33:13-132
228            android:exported="false" />
228-->[com.google.android.datatransport:transport-runtime:3.1.9] AndroidManifest.xml:34:13-37
229    </application>
230
231</manifest>